<?xml version="1.0" encoding="UTF-8"?>
<!-- Generated by org.testng.reporters.JUnitReportReporter -->
<testsuite hostname="MSI" failures="0" tests="1" name="testCases.TC001_Sign_up_Test" time="3.522" errors="0" timestamp="2024-09-30T11:59:57 IST" skipped="0">
  <testcase classname="testCases.TC001_Sign_up_Test" name="verify_sign_up" time="3.522"/>
</testsuite> <!-- testCases.TC001_Sign_up_Test -->
