<?xml version="1.0" encoding="UTF-8"?>
<!-- Generated by org.testng.reporters.JUnitReportReporter -->
<testsuite hostname="MSI" failures="0" tests="1" name="testCases.TC002_Login_Test" time="4.047" errors="0" timestamp="2024-09-28T14:30:19 IST" skipped="0">
  <testcase classname="testCases.TC002_Login_Test" name="verify_login" time="4.047"/>
</testsuite> <!-- testCases.TC002_Login_Test -->
