<?xml version="1.0" encoding="UTF-8"?>
<!-- Generated by org.testng.reporters.JUnitReportReporter -->
<testsuite hostname="MSI" failures="0" tests="4" name="testCases.TC003_Login_TestDDT" time="10.340" errors="0" timestamp="2024-09-29T09:14:33 IST" skipped="0">
  <testcase classname="testCases.TC003_Login_TestDDT" name="verify_Login_with_DDT" time="4.238"/>
  <testcase classname="testCases.TC003_Login_TestDDT" name="verify_Login_with_DDT" time="1.150"/>
  <testcase classname="testCases.TC003_Login_TestDDT" name="verify_Login_with_DDT" time="3.871"/>
  <testcase classname="testCases.TC003_Login_TestDDT" name="verify_Login_with_DDT" time="1.081"/>
</testsuite> <!-- testCases.TC003_Login_TestDDT -->
