<?xml version="1.0" encoding="UTF-8"?>
<!-- Generated by org.testng.reporters.JUnitReportReporter -->
<testsuite hostname="MSI" failures="0" tests="1" name="testCases.Simple" time="0.015" errors="0" timestamp="2024-10-01T11:59:03 IST" skipped="0">
  <testcase classname="testCases.Simple" name="simpletest" time="0.015"/>
</testsuite> <!-- testCases.Simple -->
