<?xml version="1.0" encoding="UTF-8"?>
<!-- Generated by org.testng.reporters.JUnitReportReporter -->
<testsuite hostname="MSI" failures="0" tests="1" name="testCases.TC001_Sign_up_Test" time="0.501" errors="0" timestamp="2024-10-02T12:54:02 IST" skipped="0">
  <testcase classname="testCases.TC001_Sign_up_Test" name="verify_sign_up" time="0.501"/>
</testsuite> <!-- testCases.TC001_Sign_up_Test -->
