<?xml version="1.0" encoding="UTF-8"?>
<!-- Generated by org.testng.reporters.JUnitReportReporter -->
<testsuite hostname="MSI" failures="0" tests="1" name="testCases.TC005_Cart_Test" time="11.381" errors="0" timestamp="2024-10-02T12:33:38 IST" skipped="0">
  <testcase classname="testCases.TC005_Cart_Test" name="verify_Product_is_Added_in_cart" time="11.381"/>
</testsuite> <!-- testCases.TC005_Cart_Test -->
