<?xml version="1.0" encoding="UTF-8"?>
<!-- Generated by org.testng.reporters.JUnitReportReporter -->
<testsuite hostname="MSI" failures="0" tests="1" name="testCases.TC002_Login_Test" time="4.058" errors="0" timestamp="2024-10-02T13:35:50 IST" skipped="0">
  <testcase classname="testCases.TC002_Login_Test" name="verify_login" time="4.058"/>
</testsuite> <!-- testCases.TC002_Login_Test -->
